[2.238s] Invoking command in '/home/colepetit/ros2_ws/src/project_p1': PYTHONPATH=/home/colepetit/ros2_ws/src/project_p1/build/project_p1/prefix_override:/usr/lib/python3/dist-packages/colcon_core/task/python/colcon_distutils_commands:/home/colepetit/ros2_ws/src/project_p1/install/project_p1/lib/python3.10/site-packages:${PYTHONPATH} /usr/bin/python3 -W ignore:setup.py install is deprecated setup.py egg_info --egg-base build/project_p1 build --build-base /home/colepetit/ros2_ws/src/project_p1/build/project_p1/build install --record /home/colepetit/ros2_ws/src/project_p1/build/project_p1/install.log --single-version-externally-managed install_data
[3.124s] running egg_info
[3.126s] writing build/project_p1/project_p1.egg-info/PKG-INFO
[3.126s] writing dependency_links to build/project_p1/project_p1.egg-info/dependency_links.txt
[3.130s] writing entry points to build/project_p1/project_p1.egg-info/entry_points.txt
[3.130s] writing requirements to build/project_p1/project_p1.egg-info/requires.txt
[3.130s] writing top-level names to build/project_p1/project_p1.egg-info/top_level.txt
[3.132s] reading manifest file 'build/project_p1/project_p1.egg-info/SOURCES.txt'
[3.132s] adding license file 'LICENSE'
[3.133s] writing manifest file 'build/project_p1/project_p1.egg-info/SOURCES.txt'
[3.133s] running build
[3.133s] running build_py
[3.133s] running install
[3.134s] running install_lib
[3.144s] running install_data
[3.144s] copying worlds/part1.wbt -> /home/colepetit/ros2_ws/src/project_p1/install/project_p1/share/project_p1/worlds
[3.145s] running install_egg_info
[3.153s] removing '/home/colepetit/ros2_ws/src/project_p1/install/project_p1/lib/python3.10/site-packages/project_p1-0.0.0-py3.10.egg-info' (and everything under it)
[3.154s] Copying build/project_p1/project_p1.egg-info to /home/colepetit/ros2_ws/src/project_p1/install/project_p1/lib/python3.10/site-packages/project_p1-0.0.0-py3.10.egg-info
[3.155s] running install_scripts
[3.225s] Installing my_robot_driver script to /home/colepetit/ros2_ws/src/project_p1/install/project_p1/lib/project_p1
[3.225s] writing list of installed files to '/home/colepetit/ros2_ws/src/project_p1/build/project_p1/install.log'
[3.246s] Invoked command in '/home/colepetit/ros2_ws/src/project_p1' returned '0': PYTHONPATH=/home/colepetit/ros2_ws/src/project_p1/build/project_p1/prefix_override:/usr/lib/python3/dist-packages/colcon_core/task/python/colcon_distutils_commands:/home/colepetit/ros2_ws/src/project_p1/install/project_p1/lib/python3.10/site-packages:${PYTHONPATH} /usr/bin/python3 -W ignore:setup.py install is deprecated setup.py egg_info --egg-base build/project_p1 build --build-base /home/colepetit/ros2_ws/src/project_p1/build/project_p1/build install --record /home/colepetit/ros2_ws/src/project_p1/build/project_p1/install.log --single-version-externally-managed install_data
