[1.917s] Invoking command in '/home/colepetit/ros2_ws/src/project_p1': PYTHONPATH=/home/colepetit/ros2_ws/src/project_p1/build/project_p1/prefix_override:/usr/lib/python3/dist-packages/colcon_core/task/python/colcon_distutils_commands:/home/colepetit/ros2_ws/src/project_p1/install/project_p1/lib/python3.10/site-packages:${PYTHONPATH} /usr/bin/python3 -W ignore:setup.py install is deprecated setup.py egg_info --egg-base build/project_p1 build --build-base /home/colepetit/ros2_ws/src/project_p1/build/project_p1/build install --record /home/colepetit/ros2_ws/src/project_p1/build/project_p1/install.log --single-version-externally-managed install_data
[2.663s] running egg_info
[2.664s] writing build/project_p1/project_p1.egg-info/PKG-INFO
[2.668s] writing dependency_links to build/project_p1/project_p1.egg-info/dependency_links.txt
[2.668s] writing entry points to build/project_p1/project_p1.egg-info/entry_points.txt
[2.668s] writing requirements to build/project_p1/project_p1.egg-info/requires.txt
[2.668s] writing top-level names to build/project_p1/project_p1.egg-info/top_level.txt
[2.668s] reading manifest file 'build/project_p1/project_p1.egg-info/SOURCES.txt'
[2.669s] adding license file 'LICENSE'
[2.669s] writing manifest file 'build/project_p1/project_p1.egg-info/SOURCES.txt'
[2.669s] running build
[2.669s] running build_py
[2.669s] running install
[2.670s] running install_lib
[2.676s] running install_data
[2.676s] copying protos/CompChair.proto -> /home/colepetit/ros2_ws/src/project_p1/install/project_p1/share/project_p1/protos
[2.677s] copying protos/TableSet.proto -> /home/colepetit/ros2_ws/src/project_p1/install/project_p1/share/project_p1/protos
[2.677s] copying protos/TallChair.proto -> /home/colepetit/ros2_ws/src/project_p1/install/project_p1/share/project_p1/protos
[2.677s] copying protos/WoodenChair.proto -> /home/colepetit/ros2_ws/src/project_p1/install/project_p1/share/project_p1/protos
[2.677s] copying protos/ThreeStarTable.proto -> /home/colepetit/ros2_ws/src/project_p1/install/project_p1/share/project_p1/protos
[2.678s] copying protos/Printer.proto -> /home/colepetit/ros2_ws/src/project_p1/install/project_p1/share/project_p1/protos
[2.678s] copying protos/WindowSection.proto -> /home/colepetit/ros2_ws/src/project_p1/install/project_p1/share/project_p1/protos
[2.678s] copying protos/Bookshelf.proto -> /home/colepetit/ros2_ws/src/project_p1/install/project_p1/share/project_p1/protos
[2.678s] copying protos/RoundTable.proto -> /home/colepetit/ros2_ws/src/project_p1/install/project_p1/share/project_p1/protos
[2.678s] running install_egg_info
[2.684s] removing '/home/colepetit/ros2_ws/src/project_p1/install/project_p1/lib/python3.10/site-packages/project_p1-0.0.0-py3.10.egg-info' (and everything under it)
[2.685s] Copying build/project_p1/project_p1.egg-info to /home/colepetit/ros2_ws/src/project_p1/install/project_p1/lib/python3.10/site-packages/project_p1-0.0.0-py3.10.egg-info
[2.686s] running install_scripts
[2.745s] Installing my_robot_driver script to /home/colepetit/ros2_ws/src/project_p1/install/project_p1/lib/project_p1
[2.745s] writing list of installed files to '/home/colepetit/ros2_ws/src/project_p1/build/project_p1/install.log'
[2.773s] Invoked command in '/home/colepetit/ros2_ws/src/project_p1' returned '0': PYTHONPATH=/home/colepetit/ros2_ws/src/project_p1/build/project_p1/prefix_override:/usr/lib/python3/dist-packages/colcon_core/task/python/colcon_distutils_commands:/home/colepetit/ros2_ws/src/project_p1/install/project_p1/lib/python3.10/site-packages:${PYTHONPATH} /usr/bin/python3 -W ignore:setup.py install is deprecated setup.py egg_info --egg-base build/project_p1 build --build-base /home/colepetit/ros2_ws/src/project_p1/build/project_p1/build install --record /home/colepetit/ros2_ws/src/project_p1/build/project_p1/install.log --single-version-externally-managed install_data
