[0.817s] Invoking command in '/home/colepetit/ros2_ws/src/project_p1': PYTHONPATH=/home/colepetit/ros2_ws/src/project_p1/build/project_p1/prefix_override:/usr/lib/python3/dist-packages/colcon_core/task/python/colcon_distutils_commands:/home/colepetit/ros2_ws/src/project_p1/install/project_p1/lib/python3.10/site-packages:${PYTHONPATH} /usr/bin/python3 -W ignore:setup.py install is deprecated setup.py egg_info --egg-base build/project_p1 build --build-base /home/colepetit/ros2_ws/src/project_p1/build/project_p1/build install --record /home/colepetit/ros2_ws/src/project_p1/build/project_p1/install.log --single-version-externally-managed install_data
[1.071s] running egg_info
[1.073s] writing build/project_p1/project_p1.egg-info/PKG-INFO
[1.078s] writing dependency_links to build/project_p1/project_p1.egg-info/dependency_links.txt
[1.078s] writing entry points to build/project_p1/project_p1.egg-info/entry_points.txt
[1.079s] writing requirements to build/project_p1/project_p1.egg-info/requires.txt
[1.079s] writing top-level names to build/project_p1/project_p1.egg-info/top_level.txt
[1.083s] reading manifest file 'build/project_p1/project_p1.egg-info/SOURCES.txt'
[1.084s] adding license file 'LICENSE'
[1.086s] writing manifest file 'build/project_p1/project_p1.egg-info/SOURCES.txt'
[1.086s] running build
[1.086s] running build_py
[1.087s] running install
[1.088s] running install_lib
[1.089s] running install_data
[1.090s] creating /home/colepetit/ros2_ws/src/project_p1/install/project_p1/share/project_p1/launch
[1.090s] copying launch/p1_launch.py -> /home/colepetit/ros2_ws/src/project_p1/install/project_p1/share/project_p1/launch
[1.090s] creating /home/colepetit/ros2_ws/src/project_p1/install/project_p1/share/project_p1/worlds
[1.091s] copying worlds/part1.wbt -> /home/colepetit/ros2_ws/src/project_p1/install/project_p1/share/project_p1/worlds
[1.091s] running install_egg_info
[1.093s] removing '/home/colepetit/ros2_ws/src/project_p1/install/project_p1/lib/python3.10/site-packages/project_p1-0.0.0-py3.10.egg-info' (and everything under it)
[1.093s] Copying build/project_p1/project_p1.egg-info to /home/colepetit/ros2_ws/src/project_p1/install/project_p1/lib/python3.10/site-packages/project_p1-0.0.0-py3.10.egg-info
[1.095s] running install_scripts
[1.118s] Installing listener script to /home/colepetit/ros2_ws/src/project_p1/install/project_p1/lib/project_p1
[1.119s] Installing p1_node script to /home/colepetit/ros2_ws/src/project_p1/install/project_p1/lib/project_p1
[1.119s] Installing talker script to /home/colepetit/ros2_ws/src/project_p1/install/project_p1/lib/project_p1
[1.119s] writing list of installed files to '/home/colepetit/ros2_ws/src/project_p1/build/project_p1/install.log'
[1.147s] Invoked command in '/home/colepetit/ros2_ws/src/project_p1' returned '0': PYTHONPATH=/home/colepetit/ros2_ws/src/project_p1/build/project_p1/prefix_override:/usr/lib/python3/dist-packages/colcon_core/task/python/colcon_distutils_commands:/home/colepetit/ros2_ws/src/project_p1/install/project_p1/lib/python3.10/site-packages:${PYTHONPATH} /usr/bin/python3 -W ignore:setup.py install is deprecated setup.py egg_info --egg-base build/project_p1 build --build-base /home/colepetit/ros2_ws/src/project_p1/build/project_p1/build install --record /home/colepetit/ros2_ws/src/project_p1/build/project_p1/install.log --single-version-externally-managed install_data
