[0.668s] Invoking command in '/home/colepetit/ros2_ws/src/project_p1': PYTHONPATH=/home/colepetit/ros2_ws/src/project_p1/build/project_p1/prefix_override:/usr/lib/python3/dist-packages/colcon_core/task/python/colcon_distutils_commands:/home/colepetit/ros2_ws/src/project_p1/install/project_p1/lib/python3.10/site-packages:${PYTHONPATH} /usr/bin/python3 -W ignore:setup.py install is deprecated setup.py egg_info --egg-base build/project_p1 build --build-base /home/colepetit/ros2_ws/src/project_p1/build/project_p1/build install --record /home/colepetit/ros2_ws/src/project_p1/build/project_p1/install.log --single-version-externally-managed install_data
[0.908s] running egg_info
[0.909s] writing build/project_p1/project_p1.egg-info/PKG-INFO
[0.913s] writing dependency_links to build/project_p1/project_p1.egg-info/dependency_links.txt
[0.913s] writing entry points to build/project_p1/project_p1.egg-info/entry_points.txt
[0.914s] writing requirements to build/project_p1/project_p1.egg-info/requires.txt
[0.914s] writing top-level names to build/project_p1/project_p1.egg-info/top_level.txt
[0.914s] reading manifest file 'build/project_p1/project_p1.egg-info/SOURCES.txt'
[0.914s] adding license file 'LICENSE'
[0.915s] writing manifest file 'build/project_p1/project_p1.egg-info/SOURCES.txt'
[0.915s] running build
[0.916s] running build_py
[0.916s] running install
[0.917s] running install_lib
[0.918s] running install_data
[0.919s] copying launch/p1_launch.py -> /home/colepetit/ros2_ws/src/project_p1/install/project_p1/share/project_p1/launch
[0.919s] running install_egg_info
[0.922s] removing '/home/colepetit/ros2_ws/src/project_p1/install/project_p1/lib/python3.10/site-packages/project_p1-0.0.0-py3.10.egg-info' (and everything under it)
[0.923s] Copying build/project_p1/project_p1.egg-info to /home/colepetit/ros2_ws/src/project_p1/install/project_p1/lib/python3.10/site-packages/project_p1-0.0.0-py3.10.egg-info
[0.924s] running install_scripts
[0.948s] Installing project_p1 script to /home/colepetit/ros2_ws/src/project_p1/install/project_p1/lib/project_p1
[0.949s] writing list of installed files to '/home/colepetit/ros2_ws/src/project_p1/build/project_p1/install.log'
[0.977s] Invoked command in '/home/colepetit/ros2_ws/src/project_p1' returned '0': PYTHONPATH=/home/colepetit/ros2_ws/src/project_p1/build/project_p1/prefix_override:/usr/lib/python3/dist-packages/colcon_core/task/python/colcon_distutils_commands:/home/colepetit/ros2_ws/src/project_p1/install/project_p1/lib/python3.10/site-packages:${PYTHONPATH} /usr/bin/python3 -W ignore:setup.py install is deprecated setup.py egg_info --egg-base build/project_p1 build --build-base /home/colepetit/ros2_ws/src/project_p1/build/project_p1/build install --record /home/colepetit/ros2_ws/src/project_p1/build/project_p1/install.log --single-version-externally-managed install_data
