/home/colepetit/ros2_ws/src/project_p1/install/project_p1/lib/python3.10/site-packages/project_p1/subscriber_member_function.py
/home/colepetit/ros2_ws/src/project_p1/install/project_p1/lib/python3.10/site-packages/project_p1/__init__.py
/home/colepetit/ros2_ws/src/project_p1/install/project_p1/lib/python3.10/site-packages/project_p1/webots_ros2_homework1_python.py
/home/colepetit/ros2_ws/src/project_p1/install/project_p1/lib/python3.10/site-packages/project_p1/publisher_member_function.py
/home/colepetit/ros2_ws/src/project_p1/install/project_p1/lib/python3.10/site-packages/project_p1/p1_node.py
/home/colepetit/ros2_ws/src/project_p1/install/project_p1/lib/python3.10/site-packages/project_p1/__pycache__/subscriber_member_function.cpython-310.pyc
/home/colepetit/ros2_ws/src/project_p1/install/project_p1/lib/python3.10/site-packages/project_p1/__pycache__/__init__.cpython-310.pyc
/home/colepetit/ros2_ws/src/project_p1/install/project_p1/lib/python3.10/site-packages/project_p1/__pycache__/webots_ros2_homework1_python.cpython-310.pyc
/home/colepetit/ros2_ws/src/project_p1/install/project_p1/lib/python3.10/site-packages/project_p1/__pycache__/publisher_member_function.cpython-310.pyc
/home/colepetit/ros2_ws/src/project_p1/install/project_p1/lib/python3.10/site-packages/project_p1/__pycache__/p1_node.cpython-310.pyc
/home/colepetit/ros2_ws/src/project_p1/install/project_p1/share/ament_index/resource_index/packages/project_p1
/home/colepetit/ros2_ws/src/project_p1/install/project_p1/share/project_p1/launch/p1_launch.py
/home/colepetit/ros2_ws/src/project_p1/install/project_p1/share/project_p1/worlds/part1.wbt
/home/colepetit/ros2_ws/src/project_p1/install/project_p1/share/project_p1/resource/turtlebot_webots.urdf
/home/colepetit/ros2_ws/src/project_p1/install/project_p1/share/project_p1/protos/CompChair.proto
/home/colepetit/ros2_ws/src/project_p1/install/project_p1/share/project_p1/protos/TableSet.proto
/home/colepetit/ros2_ws/src/project_p1/install/project_p1/share/project_p1/protos/TallChair.proto
/home/colepetit/ros2_ws/src/project_p1/install/project_p1/share/project_p1/protos/WoodenChair.proto
/home/colepetit/ros2_ws/src/project_p1/install/project_p1/share/project_p1/protos/ThreeStarTable.proto
/home/colepetit/ros2_ws/src/project_p1/install/project_p1/share/project_p1/protos/Printer.proto
/home/colepetit/ros2_ws/src/project_p1/install/project_p1/share/project_p1/protos/WindowSection.proto
/home/colepetit/ros2_ws/src/project_p1/install/project_p1/share/project_p1/protos/Bookshelf.proto
/home/colepetit/ros2_ws/src/project_p1/install/project_p1/share/project_p1/protos/RoundTable.proto
/home/colepetit/ros2_ws/src/project_p1/install/project_p1/share/project_p1/package.xml
/home/colepetit/ros2_ws/src/project_p1/install/project_p1/lib/python3.10/site-packages/project_p1-0.0.0-py3.10.egg-info/top_level.txt
/home/colepetit/ros2_ws/src/project_p1/install/project_p1/lib/python3.10/site-packages/project_p1-0.0.0-py3.10.egg-info/entry_points.txt
/home/colepetit/ros2_ws/src/project_p1/install/project_p1/lib/python3.10/site-packages/project_p1-0.0.0-py3.10.egg-info/zip-safe
/home/colepetit/ros2_ws/src/project_p1/install/project_p1/lib/python3.10/site-packages/project_p1-0.0.0-py3.10.egg-info/requires.txt
/home/colepetit/ros2_ws/src/project_p1/install/project_p1/lib/python3.10/site-packages/project_p1-0.0.0-py3.10.egg-info/dependency_links.txt
/home/colepetit/ros2_ws/src/project_p1/install/project_p1/lib/python3.10/site-packages/project_p1-0.0.0-py3.10.egg-info/PKG-INFO
/home/colepetit/ros2_ws/src/project_p1/install/project_p1/lib/python3.10/site-packages/project_p1-0.0.0-py3.10.egg-info/SOURCES.txt
/home/colepetit/ros2_ws/src/project_p1/install/project_p1/lib/project_p1/webots_ros2_homework1_python
