[0.553s] Invoking command in '/home/colepetit/ros2_ws/src/project_p1': PYTHONPATH=/home/colepetit/ros2_ws/src/project_p1/build/project_p1/prefix_override:/usr/lib/python3/dist-packages/colcon_core/task/python/colcon_distutils_commands:/home/colepetit/ros2_ws/src/project_p1/install/project_p1/lib/python3.10/site-packages:${PYTHONPATH} /usr/bin/python3 -W ignore:setup.py install is deprecated setup.py egg_info --egg-base build/project_p1 build --build-base /home/colepetit/ros2_ws/src/project_p1/build/project_p1/build install --record /home/colepetit/ros2_ws/src/project_p1/build/project_p1/install.log --single-version-externally-managed install_data
[0.740s] running egg_info
[0.740s] writing build/project_p1/project_p1.egg-info/PKG-INFO
[0.744s] writing dependency_links to build/project_p1/project_p1.egg-info/dependency_links.txt
[0.745s] writing entry points to build/project_p1/project_p1.egg-info/entry_points.txt
[0.745s] writing requirements to build/project_p1/project_p1.egg-info/requires.txt
[0.745s] writing top-level names to build/project_p1/project_p1.egg-info/top_level.txt
[0.747s] reading manifest file 'build/project_p1/project_p1.egg-info/SOURCES.txt'
[0.747s] adding license file 'LICENSE'
[0.747s] writing manifest file 'build/project_p1/project_p1.egg-info/SOURCES.txt'
[0.748s] running build
[0.748s] running build_py
[0.748s] copying project_p1/webots_ros2_homework1_python.py -> /home/colepetit/ros2_ws/src/project_p1/build/project_p1/build/lib/project_p1
[0.748s] running install
[0.749s] running install_lib
[0.749s] copying /home/colepetit/ros2_ws/src/project_p1/build/project_p1/build/lib/project_p1/webots_ros2_homework1_python.py -> /home/colepetit/ros2_ws/src/project_p1/install/project_p1/lib/python3.10/site-packages/project_p1
[0.750s] byte-compiling /home/colepetit/ros2_ws/src/project_p1/install/project_p1/lib/python3.10/site-packages/project_p1/webots_ros2_homework1_python.py to webots_ros2_homework1_python.cpython-310.pyc
[0.751s] running install_data
[0.752s] copying launch/p1_launch.py -> /home/colepetit/ros2_ws/src/project_p1/install/project_p1/share/project_p1/launch
[0.752s] running install_egg_info
[0.753s] removing '/home/colepetit/ros2_ws/src/project_p1/install/project_p1/lib/python3.10/site-packages/project_p1-0.0.0-py3.10.egg-info' (and everything under it)
[0.754s] Copying build/project_p1/project_p1.egg-info to /home/colepetit/ros2_ws/src/project_p1/install/project_p1/lib/python3.10/site-packages/project_p1-0.0.0-py3.10.egg-info
[0.755s] running install_scripts
[0.772s] Installing my_robot_driver script to /home/colepetit/ros2_ws/src/project_p1/install/project_p1/lib/project_p1
[0.772s] writing list of installed files to '/home/colepetit/ros2_ws/src/project_p1/build/project_p1/install.log'
[0.792s] Invoked command in '/home/colepetit/ros2_ws/src/project_p1' returned '0': PYTHONPATH=/home/colepetit/ros2_ws/src/project_p1/build/project_p1/prefix_override:/usr/lib/python3/dist-packages/colcon_core/task/python/colcon_distutils_commands:/home/colepetit/ros2_ws/src/project_p1/install/project_p1/lib/python3.10/site-packages:${PYTHONPATH} /usr/bin/python3 -W ignore:setup.py install is deprecated setup.py egg_info --egg-base build/project_p1 build --build-base /home/colepetit/ros2_ws/src/project_p1/build/project_p1/build install --record /home/colepetit/ros2_ws/src/project_p1/build/project_p1/install.log --single-version-externally-managed install_data
