running egg_info
creating build/project_p1/project_p1.egg-info
writing build/project_p1/project_p1.egg-info/PKG-INFO
writing dependency_links to build/project_p1/project_p1.egg-info/dependency_links.txt
writing entry points to build/project_p1/project_p1.egg-info/entry_points.txt
writing requirements to build/project_p1/project_p1.egg-info/requires.txt
writing top-level names to build/project_p1/project_p1.egg-info/top_level.txt
writing manifest file 'build/project_p1/project_p1.egg-info/SOURCES.txt'
reading manifest file 'build/project_p1/project_p1.egg-info/SOURCES.txt'
adding license file 'LICENSE'
writing manifest file 'build/project_p1/project_p1.egg-info/SOURCES.txt'
running build
running build_py
creating /home/colepetit/ros2_ws/src/project_p1/build/project_p1/build
creating /home/colepetit/ros2_ws/src/project_p1/build/project_p1/build/lib
creating /home/colepetit/ros2_ws/src/project_p1/build/project_p1/build/lib/project_p1
copying project_p1/subscriber_member_function.py -> /home/colepetit/ros2_ws/src/project_p1/build/project_p1/build/lib/project_p1
copying project_p1/__init__.py -> /home/colepetit/ros2_ws/src/project_p1/build/project_p1/build/lib/project_p1
copying project_p1/publisher_member_function.py -> /home/colepetit/ros2_ws/src/project_p1/build/project_p1/build/lib/project_p1
copying project_p1/p1_node.py -> /home/colepetit/ros2_ws/src/project_p1/build/project_p1/build/lib/project_p1
running install
running install_lib
creating /home/colepetit/ros2_ws/src/project_p1/install/project_p1/lib/python3.10/site-packages/project_p1
copying /home/colepetit/ros2_ws/src/project_p1/build/project_p1/build/lib/project_p1/subscriber_member_function.py -> /home/colepetit/ros2_ws/src/project_p1/install/project_p1/lib/python3.10/site-packages/project_p1
copying /home/colepetit/ros2_ws/src/project_p1/build/project_p1/build/lib/project_p1/__init__.py -> /home/colepetit/ros2_ws/src/project_p1/install/project_p1/lib/python3.10/site-packages/project_p1
copying /home/colepetit/ros2_ws/src/project_p1/build/project_p1/build/lib/project_p1/publisher_member_function.py -> /home/colepetit/ros2_ws/src/project_p1/install/project_p1/lib/python3.10/site-packages/project_p1
copying /home/colepetit/ros2_ws/src/project_p1/build/project_p1/build/lib/project_p1/p1_node.py -> /home/colepetit/ros2_ws/src/project_p1/install/project_p1/lib/python3.10/site-packages/project_p1
byte-compiling /home/colepetit/ros2_ws/src/project_p1/install/project_p1/lib/python3.10/site-packages/project_p1/subscriber_member_function.py to subscriber_member_function.cpython-310.pyc
byte-compiling /home/colepetit/ros2_ws/src/project_p1/install/project_p1/lib/python3.10/site-packages/project_p1/__init__.py to __init__.cpython-310.pyc
byte-compiling /home/colepetit/ros2_ws/src/project_p1/install/project_p1/lib/python3.10/site-packages/project_p1/publisher_member_function.py to publisher_member_function.cpython-310.pyc
byte-compiling /home/colepetit/ros2_ws/src/project_p1/install/project_p1/lib/python3.10/site-packages/project_p1/p1_node.py to p1_node.cpython-310.pyc
running install_data
creating /home/colepetit/ros2_ws/src/project_p1/install/project_p1/share/ament_index
creating /home/colepetit/ros2_ws/src/project_p1/install/project_p1/share/ament_index/resource_index
creating /home/colepetit/ros2_ws/src/project_p1/install/project_p1/share/ament_index/resource_index/packages
copying resource/project_p1 -> /home/colepetit/ros2_ws/src/project_p1/install/project_p1/share/ament_index/resource_index/packages
copying package.xml -> /home/colepetit/ros2_ws/src/project_p1/install/project_p1/share/project_p1
running install_egg_info
Copying build/project_p1/project_p1.egg-info to /home/colepetit/ros2_ws/src/project_p1/install/project_p1/lib/python3.10/site-packages/project_p1-0.0.0-py3.10.egg-info
running install_scripts
Installing listener script to /home/colepetit/ros2_ws/src/project_p1/install/project_p1/lib/project_p1
Installing p1_node script to /home/colepetit/ros2_ws/src/project_p1/install/project_p1/lib/project_p1
Installing talker script to /home/colepetit/ros2_ws/src/project_p1/install/project_p1/lib/project_p1
writing list of installed files to '/home/colepetit/ros2_ws/src/project_p1/build/project_p1/install.log'
