[0.764s] Invoking command in '/home/colepetit/ros2_ws/src/project_p1': PYTHONPATH=/home/colepetit/ros2_ws/src/project_p1/build/project_p1/prefix_override:/usr/lib/python3/dist-packages/colcon_core/task/python/colcon_distutils_commands:/home/colepetit/ros2_ws/src/project_p1/install/project_p1/lib/python3.10/site-packages:${PYTHONPATH} /usr/bin/python3 -W ignore:setup.py install is deprecated setup.py egg_info --egg-base build/project_p1 build --build-base /home/colepetit/ros2_ws/src/project_p1/build/project_p1/build install --record /home/colepetit/ros2_ws/src/project_p1/build/project_p1/install.log --single-version-externally-managed install_data
[1.042s] running egg_info
[1.042s] creating build/project_p1/project_p1.egg-info
[1.043s] writing build/project_p1/project_p1.egg-info/PKG-INFO
[1.043s] writing dependency_links to build/project_p1/project_p1.egg-info/dependency_links.txt
[1.044s] writing entry points to build/project_p1/project_p1.egg-info/entry_points.txt
[1.044s] writing requirements to build/project_p1/project_p1.egg-info/requires.txt
[1.044s] writing top-level names to build/project_p1/project_p1.egg-info/top_level.txt
[1.044s] writing manifest file 'build/project_p1/project_p1.egg-info/SOURCES.txt'
[1.046s] reading manifest file 'build/project_p1/project_p1.egg-info/SOURCES.txt'
[1.046s] adding license file 'LICENSE'
[1.047s] writing manifest file 'build/project_p1/project_p1.egg-info/SOURCES.txt'
[1.051s] running build
[1.051s] running build_py
[1.052s] creating /home/colepetit/ros2_ws/src/project_p1/build/project_p1/build
[1.052s] creating /home/colepetit/ros2_ws/src/project_p1/build/project_p1/build/lib
[1.054s] creating /home/colepetit/ros2_ws/src/project_p1/build/project_p1/build/lib/project_p1
[1.054s] copying project_p1/subscriber_member_function.py -> /home/colepetit/ros2_ws/src/project_p1/build/project_p1/build/lib/project_p1
[1.055s] copying project_p1/__init__.py -> /home/colepetit/ros2_ws/src/project_p1/build/project_p1/build/lib/project_p1
[1.055s] copying project_p1/publisher_member_function.py -> /home/colepetit/ros2_ws/src/project_p1/build/project_p1/build/lib/project_p1
[1.057s] copying project_p1/p1_node.py -> /home/colepetit/ros2_ws/src/project_p1/build/project_p1/build/lib/project_p1
[1.057s] running install
[1.058s] running install_lib
[1.059s] creating /home/colepetit/ros2_ws/src/project_p1/install/project_p1/lib/python3.10/site-packages/project_p1
[1.059s] copying /home/colepetit/ros2_ws/src/project_p1/build/project_p1/build/lib/project_p1/subscriber_member_function.py -> /home/colepetit/ros2_ws/src/project_p1/install/project_p1/lib/python3.10/site-packages/project_p1
[1.060s] copying /home/colepetit/ros2_ws/src/project_p1/build/project_p1/build/lib/project_p1/__init__.py -> /home/colepetit/ros2_ws/src/project_p1/install/project_p1/lib/python3.10/site-packages/project_p1
[1.060s] copying /home/colepetit/ros2_ws/src/project_p1/build/project_p1/build/lib/project_p1/publisher_member_function.py -> /home/colepetit/ros2_ws/src/project_p1/install/project_p1/lib/python3.10/site-packages/project_p1
[1.060s] copying /home/colepetit/ros2_ws/src/project_p1/build/project_p1/build/lib/project_p1/p1_node.py -> /home/colepetit/ros2_ws/src/project_p1/install/project_p1/lib/python3.10/site-packages/project_p1
[1.061s] byte-compiling /home/colepetit/ros2_ws/src/project_p1/install/project_p1/lib/python3.10/site-packages/project_p1/subscriber_member_function.py to subscriber_member_function.cpython-310.pyc
[1.063s] byte-compiling /home/colepetit/ros2_ws/src/project_p1/install/project_p1/lib/python3.10/site-packages/project_p1/__init__.py to __init__.cpython-310.pyc
[1.063s] byte-compiling /home/colepetit/ros2_ws/src/project_p1/install/project_p1/lib/python3.10/site-packages/project_p1/publisher_member_function.py to publisher_member_function.cpython-310.pyc
[1.064s] byte-compiling /home/colepetit/ros2_ws/src/project_p1/install/project_p1/lib/python3.10/site-packages/project_p1/p1_node.py to p1_node.cpython-310.pyc
[1.064s] running install_data
[1.064s] creating /home/colepetit/ros2_ws/src/project_p1/install/project_p1/share/ament_index
[1.065s] creating /home/colepetit/ros2_ws/src/project_p1/install/project_p1/share/ament_index/resource_index
[1.065s] creating /home/colepetit/ros2_ws/src/project_p1/install/project_p1/share/ament_index/resource_index/packages
[1.066s] copying resource/project_p1 -> /home/colepetit/ros2_ws/src/project_p1/install/project_p1/share/ament_index/resource_index/packages
[1.066s] copying package.xml -> /home/colepetit/ros2_ws/src/project_p1/install/project_p1/share/project_p1
[1.066s] running install_egg_info
[1.068s] Copying build/project_p1/project_p1.egg-info to /home/colepetit/ros2_ws/src/project_p1/install/project_p1/lib/python3.10/site-packages/project_p1-0.0.0-py3.10.egg-info
[1.069s] running install_scripts
[1.097s] Installing listener script to /home/colepetit/ros2_ws/src/project_p1/install/project_p1/lib/project_p1
[1.098s] Installing p1_node script to /home/colepetit/ros2_ws/src/project_p1/install/project_p1/lib/project_p1
[1.098s] Installing talker script to /home/colepetit/ros2_ws/src/project_p1/install/project_p1/lib/project_p1
[1.098s] writing list of installed files to '/home/colepetit/ros2_ws/src/project_p1/build/project_p1/install.log'
[1.132s] Invoked command in '/home/colepetit/ros2_ws/src/project_p1' returned '0': PYTHONPATH=/home/colepetit/ros2_ws/src/project_p1/build/project_p1/prefix_override:/usr/lib/python3/dist-packages/colcon_core/task/python/colcon_distutils_commands:/home/colepetit/ros2_ws/src/project_p1/install/project_p1/lib/python3.10/site-packages:${PYTHONPATH} /usr/bin/python3 -W ignore:setup.py install is deprecated setup.py egg_info --egg-base build/project_p1 build --build-base /home/colepetit/ros2_ws/src/project_p1/build/project_p1/build install --record /home/colepetit/ros2_ws/src/project_p1/build/project_p1/install.log --single-version-externally-managed install_data
