[1.940s] Invoking command in '/home/colepetit/ros2_ws/src/project_p1': PYTHONPATH=/home/colepetit/ros2_ws/src/project_p1/build/project_p1/prefix_override:/usr/lib/python3/dist-packages/colcon_core/task/python/colcon_distutils_commands:/home/colepetit/ros2_ws/src/project_p1/install/project_p1/lib/python3.10/site-packages:${PYTHONPATH} /usr/bin/python3 -W ignore:setup.py install is deprecated setup.py egg_info --egg-base build/project_p1 build --build-base /home/colepetit/ros2_ws/src/project_p1/build/project_p1/build install --record /home/colepetit/ros2_ws/src/project_p1/build/project_p1/install.log --single-version-externally-managed install_data
[2.650s] running egg_info
[2.651s] writing build/project_p1/project_p1.egg-info/PKG-INFO
[2.651s] writing dependency_links to build/project_p1/project_p1.egg-info/dependency_links.txt
[2.651s] writing entry points to build/project_p1/project_p1.egg-info/entry_points.txt
[2.651s] writing requirements to build/project_p1/project_p1.egg-info/requires.txt
[2.652s] writing top-level names to build/project_p1/project_p1.egg-info/top_level.txt
[2.653s] reading manifest file 'build/project_p1/project_p1.egg-info/SOURCES.txt'
[2.653s] adding license file 'LICENSE'
[2.654s] writing manifest file 'build/project_p1/project_p1.egg-info/SOURCES.txt'
[2.655s] running build
[2.655s] running build_py
[2.655s] running install
[2.655s] running install_lib
[2.660s] running install_data
[2.660s] copying worlds/part1.wbt -> /home/colepetit/ros2_ws/src/project_p1/install/project_p1/share/project_p1/worlds
[2.661s] running install_egg_info
[2.666s] removing '/home/colepetit/ros2_ws/src/project_p1/install/project_p1/lib/python3.10/site-packages/project_p1-0.0.0-py3.10.egg-info' (and everything under it)
[2.666s] Copying build/project_p1/project_p1.egg-info to /home/colepetit/ros2_ws/src/project_p1/install/project_p1/lib/python3.10/site-packages/project_p1-0.0.0-py3.10.egg-info
[2.667s] running install_scripts
[2.723s] Installing my_robot_driver script to /home/colepetit/ros2_ws/src/project_p1/install/project_p1/lib/project_p1
[2.724s] writing list of installed files to '/home/colepetit/ros2_ws/src/project_p1/build/project_p1/install.log'
[2.746s] Invoked command in '/home/colepetit/ros2_ws/src/project_p1' returned '0': PYTHONPATH=/home/colepetit/ros2_ws/src/project_p1/build/project_p1/prefix_override:/usr/lib/python3/dist-packages/colcon_core/task/python/colcon_distutils_commands:/home/colepetit/ros2_ws/src/project_p1/install/project_p1/lib/python3.10/site-packages:${PYTHONPATH} /usr/bin/python3 -W ignore:setup.py install is deprecated setup.py egg_info --egg-base build/project_p1 build --build-base /home/colepetit/ros2_ws/src/project_p1/build/project_p1/build install --record /home/colepetit/ros2_ws/src/project_p1/build/project_p1/install.log --single-version-externally-managed install_data
