[0.858s] Invoking command in '/home/colepetit/ros2_ws/src/project_p1': PYTHONPATH=/home/colepetit/ros2_ws/src/project_p1/build/project_p1/prefix_override:/usr/lib/python3/dist-packages/colcon_core/task/python/colcon_distutils_commands:/home/colepetit/ros2_ws/src/project_p1/install/project_p1/lib/python3.10/site-packages:${PYTHONPATH} /usr/bin/python3 -W ignore:setup.py install is deprecated setup.py egg_info --egg-base build/project_p1 build --build-base /home/colepetit/ros2_ws/src/project_p1/build/project_p1/build install --record /home/colepetit/ros2_ws/src/project_p1/build/project_p1/install.log --single-version-externally-managed install_data
[1.148s] running egg_info
[1.149s] writing build/project_p1/project_p1.egg-info/PKG-INFO
[1.153s] writing dependency_links to build/project_p1/project_p1.egg-info/dependency_links.txt
[1.153s] writing entry points to build/project_p1/project_p1.egg-info/entry_points.txt
[1.153s] writing requirements to build/project_p1/project_p1.egg-info/requires.txt
[1.153s] writing top-level names to build/project_p1/project_p1.egg-info/top_level.txt
[1.154s] reading manifest file 'build/project_p1/project_p1.egg-info/SOURCES.txt'
[1.154s] adding license file 'LICENSE'
[1.154s] writing manifest file 'build/project_p1/project_p1.egg-info/SOURCES.txt'
[1.154s] running build
[1.154s] running build_py
[1.155s] running install
[1.155s] running install_lib
[1.155s] running install_data
[1.156s] running install_egg_info
[1.158s] removing '/home/colepetit/ros2_ws/src/project_p1/install/project_p1/lib/python3.10/site-packages/project_p1-0.0.0-py3.10.egg-info' (and everything under it)
[1.158s] Copying build/project_p1/project_p1.egg-info to /home/colepetit/ros2_ws/src/project_p1/install/project_p1/lib/python3.10/site-packages/project_p1-0.0.0-py3.10.egg-info
[1.159s] running install_scripts
[1.182s] Installing webots_ros2_homework1_python script to /home/colepetit/ros2_ws/src/project_p1/install/project_p1/lib/project_p1
[1.183s] writing list of installed files to '/home/colepetit/ros2_ws/src/project_p1/build/project_p1/install.log'
[1.213s] Invoked command in '/home/colepetit/ros2_ws/src/project_p1' returned '0': PYTHONPATH=/home/colepetit/ros2_ws/src/project_p1/build/project_p1/prefix_override:/usr/lib/python3/dist-packages/colcon_core/task/python/colcon_distutils_commands:/home/colepetit/ros2_ws/src/project_p1/install/project_p1/lib/python3.10/site-packages:${PYTHONPATH} /usr/bin/python3 -W ignore:setup.py install is deprecated setup.py egg_info --egg-base build/project_p1 build --build-base /home/colepetit/ros2_ws/src/project_p1/build/project_p1/build install --record /home/colepetit/ros2_ws/src/project_p1/build/project_p1/install.log --single-version-externally-managed install_data
