[0.704s] Invoking command in '/home/colepetit/ros2_ws/src/project_p1': PYTHONPATH=/home/colepetit/ros2_ws/src/project_p1/build/project_p1/prefix_override:/usr/lib/python3/dist-packages/colcon_core/task/python/colcon_distutils_commands:/home/colepetit/ros2_ws/src/project_p1/install/project_p1/lib/python3.10/site-packages:${PYTHONPATH} /usr/bin/python3 -W ignore:setup.py install is deprecated setup.py egg_info --egg-base build/project_p1 build --build-base /home/colepetit/ros2_ws/src/project_p1/build/project_p1/build install --record /home/colepetit/ros2_ws/src/project_p1/build/project_p1/install.log --single-version-externally-managed install_data
[0.977s] running egg_info
[0.978s] writing build/project_p1/project_p1.egg-info/PKG-INFO
[0.978s] writing dependency_links to build/project_p1/project_p1.egg-info/dependency_links.txt
[0.978s] writing entry points to build/project_p1/project_p1.egg-info/entry_points.txt
[0.979s] writing requirements to build/project_p1/project_p1.egg-info/requires.txt
[0.979s] writing top-level names to build/project_p1/project_p1.egg-info/top_level.txt
[0.980s] reading manifest file 'build/project_p1/project_p1.egg-info/SOURCES.txt'
[0.981s] adding license file 'LICENSE'
[0.982s] writing manifest file 'build/project_p1/project_p1.egg-info/SOURCES.txt'
[0.982s] running build
[0.982s] running build_py
[0.983s] running install
[0.983s] running install_lib
[0.985s] running install_data
[0.985s] copying launch/f23_robotics_1_launch.py -> /home/colepetit/ros2_ws/src/project_p1/install/project_p1/share/project_p1/launch
[0.985s] running install_egg_info
[0.987s] removing '/home/colepetit/ros2_ws/src/project_p1/install/project_p1/lib/python3.10/site-packages/project_p1-0.0.0-py3.10.egg-info' (and everything under it)
[0.988s] Copying build/project_p1/project_p1.egg-info to /home/colepetit/ros2_ws/src/project_p1/install/project_p1/lib/python3.10/site-packages/project_p1-0.0.0-py3.10.egg-info
[0.989s] running install_scripts
[1.017s] Installing project_p1 script to /home/colepetit/ros2_ws/src/project_p1/install/project_p1/lib/project_p1
[1.017s] writing list of installed files to '/home/colepetit/ros2_ws/src/project_p1/build/project_p1/install.log'
[1.045s] Invoked command in '/home/colepetit/ros2_ws/src/project_p1' returned '0': PYTHONPATH=/home/colepetit/ros2_ws/src/project_p1/build/project_p1/prefix_override:/usr/lib/python3/dist-packages/colcon_core/task/python/colcon_distutils_commands:/home/colepetit/ros2_ws/src/project_p1/install/project_p1/lib/python3.10/site-packages:${PYTHONPATH} /usr/bin/python3 -W ignore:setup.py install is deprecated setup.py egg_info --egg-base build/project_p1 build --build-base /home/colepetit/ros2_ws/src/project_p1/build/project_p1/build install --record /home/colepetit/ros2_ws/src/project_p1/build/project_p1/install.log --single-version-externally-managed install_data
