[2.144s] Invoking command in '/home/colepetit/ros2_ws/src/project_p1': PYTHONPATH=/home/colepetit/ros2_ws/src/project_p1/build/project_p1/prefix_override:/usr/lib/python3/dist-packages/colcon_core/task/python/colcon_distutils_commands:/home/colepetit/ros2_ws/src/project_p1/install/project_p1/lib/python3.10/site-packages:${PYTHONPATH} /usr/bin/python3 -W ignore:setup.py install is deprecated setup.py egg_info --egg-base build/project_p1 build --build-base /home/colepetit/ros2_ws/src/project_p1/build/project_p1/build install --record /home/colepetit/ros2_ws/src/project_p1/build/project_p1/install.log --single-version-externally-managed install_data
[2.950s] running egg_info
[2.951s] writing build/project_p1/project_p1.egg-info/PKG-INFO
[2.952s] writing dependency_links to build/project_p1/project_p1.egg-info/dependency_links.txt
[2.952s] writing entry points to build/project_p1/project_p1.egg-info/entry_points.txt
[2.953s] writing requirements to build/project_p1/project_p1.egg-info/requires.txt
[2.953s] writing top-level names to build/project_p1/project_p1.egg-info/top_level.txt
[2.956s] reading manifest file 'build/project_p1/project_p1.egg-info/SOURCES.txt'
[2.956s] adding license file 'LICENSE'
[2.958s] writing manifest file 'build/project_p1/project_p1.egg-info/SOURCES.txt'
[2.958s] running build
[2.958s] running build_py
[2.959s] running install
[2.960s] running install_lib
[2.967s] running install_data
[2.967s] creating /home/colepetit/ros2_ws/src/project_p1/install/project_p1/share/project_p1/protos
[2.968s] running install_egg_info
[2.975s] removing '/home/colepetit/ros2_ws/src/project_p1/install/project_p1/lib/python3.10/site-packages/project_p1-0.0.0-py3.10.egg-info' (and everything under it)
[2.976s] Copying build/project_p1/project_p1.egg-info to /home/colepetit/ros2_ws/src/project_p1/install/project_p1/lib/python3.10/site-packages/project_p1-0.0.0-py3.10.egg-info
[2.977s] running install_scripts
[3.062s] Installing my_robot_driver script to /home/colepetit/ros2_ws/src/project_p1/install/project_p1/lib/project_p1
[3.062s] writing list of installed files to '/home/colepetit/ros2_ws/src/project_p1/build/project_p1/install.log'
[3.092s] Invoked command in '/home/colepetit/ros2_ws/src/project_p1' returned '0': PYTHONPATH=/home/colepetit/ros2_ws/src/project_p1/build/project_p1/prefix_override:/usr/lib/python3/dist-packages/colcon_core/task/python/colcon_distutils_commands:/home/colepetit/ros2_ws/src/project_p1/install/project_p1/lib/python3.10/site-packages:${PYTHONPATH} /usr/bin/python3 -W ignore:setup.py install is deprecated setup.py egg_info --egg-base build/project_p1 build --build-base /home/colepetit/ros2_ws/src/project_p1/build/project_p1/build install --record /home/colepetit/ros2_ws/src/project_p1/build/project_p1/install.log --single-version-externally-managed install_data
