[2.139s] Invoking command in '/home/colepetit/ros2_ws/src/project_p1': PYTHONPATH=/home/colepetit/ros2_ws/src/project_p1/build/project_p1/prefix_override:/usr/lib/python3/dist-packages/colcon_core/task/python/colcon_distutils_commands:/home/colepetit/ros2_ws/src/project_p1/install/project_p1/lib/python3.10/site-packages:${PYTHONPATH} /usr/bin/python3 -W ignore:setup.py install is deprecated setup.py egg_info --egg-base build/project_p1 build --build-base /home/colepetit/ros2_ws/src/project_p1/build/project_p1/build install --record /home/colepetit/ros2_ws/src/project_p1/build/project_p1/install.log --single-version-externally-managed install_data
[3.042s] running egg_info
[3.043s] writing build/project_p1/project_p1.egg-info/PKG-INFO
[3.048s] writing dependency_links to build/project_p1/project_p1.egg-info/dependency_links.txt
[3.048s] writing entry points to build/project_p1/project_p1.egg-info/entry_points.txt
[3.049s] writing requirements to build/project_p1/project_p1.egg-info/requires.txt
[3.049s] writing top-level names to build/project_p1/project_p1.egg-info/top_level.txt
[3.050s] reading manifest file 'build/project_p1/project_p1.egg-info/SOURCES.txt'
[3.051s] adding license file 'LICENSE'
[3.051s] writing manifest file 'build/project_p1/project_p1.egg-info/SOURCES.txt'
[3.051s] running build
[3.051s] running build_py
[3.052s] running install
[3.052s] running install_lib
[3.063s] running install_data
[3.063s] copying worlds/part1.wbt -> /home/colepetit/ros2_ws/src/project_p1/install/project_p1/share/project_p1/worlds
[3.063s] running install_egg_info
[3.073s] removing '/home/colepetit/ros2_ws/src/project_p1/install/project_p1/lib/python3.10/site-packages/project_p1-0.0.0-py3.10.egg-info' (and everything under it)
[3.074s] Copying build/project_p1/project_p1.egg-info to /home/colepetit/ros2_ws/src/project_p1/install/project_p1/lib/python3.10/site-packages/project_p1-0.0.0-py3.10.egg-info
[3.075s] running install_scripts
[3.145s] Installing my_robot_driver script to /home/colepetit/ros2_ws/src/project_p1/install/project_p1/lib/project_p1
[3.146s] writing list of installed files to '/home/colepetit/ros2_ws/src/project_p1/build/project_p1/install.log'
[3.166s] Invoked command in '/home/colepetit/ros2_ws/src/project_p1' returned '0': PYTHONPATH=/home/colepetit/ros2_ws/src/project_p1/build/project_p1/prefix_override:/usr/lib/python3/dist-packages/colcon_core/task/python/colcon_distutils_commands:/home/colepetit/ros2_ws/src/project_p1/install/project_p1/lib/python3.10/site-packages:${PYTHONPATH} /usr/bin/python3 -W ignore:setup.py install is deprecated setup.py egg_info --egg-base build/project_p1 build --build-base /home/colepetit/ros2_ws/src/project_p1/build/project_p1/build install --record /home/colepetit/ros2_ws/src/project_p1/build/project_p1/install.log --single-version-externally-managed install_data
