[0.861s] Invoking command in '/home/colepetit/ros2_ws/src/project_p1': PYTHONPATH=/home/colepetit/ros2_ws/src/project_p1/build/project_p1/prefix_override:/usr/lib/python3/dist-packages/colcon_core/task/python/colcon_distutils_commands:/home/colepetit/ros2_ws/src/project_p1/install/project_p1/lib/python3.10/site-packages:${PYTHONPATH} /usr/bin/python3 -W ignore:setup.py install is deprecated setup.py egg_info --egg-base build/project_p1 build --build-base /home/colepetit/ros2_ws/src/project_p1/build/project_p1/build install --record /home/colepetit/ros2_ws/src/project_p1/build/project_p1/install.log --single-version-externally-managed install_data
[1.165s] running egg_info
[1.166s] writing build/project_p1/project_p1.egg-info/PKG-INFO
[1.167s] writing dependency_links to build/project_p1/project_p1.egg-info/dependency_links.txt
[1.167s] writing entry points to build/project_p1/project_p1.egg-info/entry_points.txt
[1.167s] writing requirements to build/project_p1/project_p1.egg-info/requires.txt
[1.167s] writing top-level names to build/project_p1/project_p1.egg-info/top_level.txt
[1.169s] reading manifest file 'build/project_p1/project_p1.egg-info/SOURCES.txt'
[1.169s] adding license file 'LICENSE'
[1.170s] writing manifest file 'build/project_p1/project_p1.egg-info/SOURCES.txt'
[1.170s] running build
[1.171s] running build_py
[1.171s] running install
[1.171s] running install_lib
[1.173s] running install_data
[1.173s] copying launch/p1_launch.py -> /home/colepetit/ros2_ws/src/project_p1/install/project_p1/share/project_p1/launch
[1.173s] running install_egg_info
[1.175s] removing '/home/colepetit/ros2_ws/src/project_p1/install/project_p1/lib/python3.10/site-packages/project_p1-0.0.0-py3.10.egg-info' (and everything under it)
[1.176s] Copying build/project_p1/project_p1.egg-info to /home/colepetit/ros2_ws/src/project_p1/install/project_p1/lib/python3.10/site-packages/project_p1-0.0.0-py3.10.egg-info
[1.177s] running install_scripts
[1.211s] Installing webots_ros2_homework1_python script to /home/colepetit/ros2_ws/src/project_p1/install/project_p1/lib/project_p1
[1.212s] writing list of installed files to '/home/colepetit/ros2_ws/src/project_p1/build/project_p1/install.log'
[1.241s] Invoked command in '/home/colepetit/ros2_ws/src/project_p1' returned '0': PYTHONPATH=/home/colepetit/ros2_ws/src/project_p1/build/project_p1/prefix_override:/usr/lib/python3/dist-packages/colcon_core/task/python/colcon_distutils_commands:/home/colepetit/ros2_ws/src/project_p1/install/project_p1/lib/python3.10/site-packages:${PYTHONPATH} /usr/bin/python3 -W ignore:setup.py install is deprecated setup.py egg_info --egg-base build/project_p1 build --build-base /home/colepetit/ros2_ws/src/project_p1/build/project_p1/build install --record /home/colepetit/ros2_ws/src/project_p1/build/project_p1/install.log --single-version-externally-managed install_data
